0 info it worked if it ends with ok
1 verbose cli [ '/usr/local/bin/node',
1 verbose cli   '/usr/local/bin/npm',
1 verbose cli   'install',
1 verbose cli   '–save',
1 verbose cli   'react-hot-loader@1.3.0' ]
2 info using npm@2.14.12
3 info using node@v4.2.4
4 verbose install initial load of /Users/hanwong/fe_dev/project/TIL/react_memo/package.json
5 warn package.json codelab@1.0.0 No repository field.
6 verbose installManyTop reading scoped package data from /Users/hanwong/fe_dev/project/TIL/react_memo/node_modules/axios/package.json
7 verbose installManyTop reading scoped package data from /Users/hanwong/fe_dev/project/TIL/react_memo/node_modules/babel-core/package.json
8 verbose installManyTop reading scoped package data from /Users/hanwong/fe_dev/project/TIL/react_memo/node_modules/babel-loader/package.json
9 verbose installManyTop reading scoped package data from /Users/hanwong/fe_dev/project/TIL/react_memo/node_modules/babel-preset-es2015/package.json
10 verbose installManyTop reading scoped package data from /Users/hanwong/fe_dev/project/TIL/react_memo/node_modules/babel-preset-react/package.json
11 verbose installManyTop reading scoped package data from /Users/hanwong/fe_dev/project/TIL/react_memo/node_modules/bcryptjs/package.json
12 verbose installManyTop reading scoped package data from /Users/hanwong/fe_dev/project/TIL/react_memo/node_modules/body-parser/package.json
13 verbose installManyTop reading scoped package data from /Users/hanwong/fe_dev/project/TIL/react_memo/node_modules/css-loader/package.json
14 verbose installManyTop reading scoped package data from /Users/hanwong/fe_dev/project/TIL/react_memo/node_modules/express/package.json
15 verbose installManyTop reading scoped package data from /Users/hanwong/fe_dev/project/TIL/react_memo/node_modules/express-session/package.json
16 verbose installManyTop reading scoped package data from /Users/hanwong/fe_dev/project/TIL/react_memo/node_modules/mongoose/package.json
17 verbose installManyTop reading scoped package data from /Users/hanwong/fe_dev/project/TIL/react_memo/node_modules/morgan/package.json
18 verbose installManyTop reading scoped package data from /Users/hanwong/fe_dev/project/TIL/react_memo/node_modules/react/package.json
19 verbose installManyTop reading scoped package data from /Users/hanwong/fe_dev/project/TIL/react_memo/node_modules/react-addons-update/package.json
20 verbose installManyTop reading scoped package data from /Users/hanwong/fe_dev/project/TIL/react_memo/node_modules/react-dom/package.json
21 verbose installManyTop reading scoped package data from /Users/hanwong/fe_dev/project/TIL/react_memo/node_modules/react-hot-loader/package.json
22 verbose installManyTop reading scoped package data from /Users/hanwong/fe_dev/project/TIL/react_memo/node_modules/react-redux/package.json
23 verbose installManyTop reading scoped package data from /Users/hanwong/fe_dev/project/TIL/react_memo/node_modules/react-router/package.json
24 verbose installManyTop reading scoped package data from /Users/hanwong/fe_dev/project/TIL/react_memo/node_modules/react-timeago/package.json
25 verbose installManyTop reading scoped package data from /Users/hanwong/fe_dev/project/TIL/react_memo/node_modules/redux/package.json
26 verbose installManyTop reading scoped package data from /Users/hanwong/fe_dev/project/TIL/react_memo/node_modules/redux-thunk/package.json
27 verbose installManyTop reading scoped package data from /Users/hanwong/fe_dev/project/TIL/react_memo/node_modules/style-loader/package.json
28 verbose installManyTop reading scoped package data from /Users/hanwong/fe_dev/project/TIL/react_memo/node_modules/webpack/package.json
29 verbose installManyTop reading scoped package data from /Users/hanwong/fe_dev/project/TIL/react_memo/node_modules/webpack-dev-server/package.json
30 info package.json axios@0.15.0 No README data
31 verbose readDependencies loading dependencies from /Users/hanwong/fe_dev/project/TIL/react_memo/package.json
32 silly cache add args [ '–save', null ]
33 verbose cache add spec –save
34 silly cache add args [ 'react-hot-loader@1.3.0', null ]
35 verbose cache add spec react-hot-loader@1.3.0
36 silly cache add parsed spec Result {
36 silly cache add   raw: 'react-hot-loader@1.3.0',
36 silly cache add   scope: null,
36 silly cache add   name: 'react-hot-loader',
36 silly cache add   rawSpec: '1.3.0',
36 silly cache add   spec: '1.3.0',
36 silly cache add   type: 'version' }
37 silly addNamed react-hot-loader@1.3.0
38 verbose addNamed "1.3.0" is a plain semver version for react-hot-loader
39 silly mapToRegistry name react-hot-loader
40 silly mapToRegistry using default registry
41 silly mapToRegistry registry https://registry.npmjs.org/
42 silly mapToRegistry uri https://registry.npmjs.org/react-hot-loader
43 verbose addNameVersion registry:https://registry.npmjs.org/react-hot-loader not in flight; fetching
44 silly cache add parsed spec Result {
44 silly cache add   raw: '–save',
44 silly cache add   scope: null,
44 silly cache add   name: null,
44 silly cache add   rawSpec: '–save',
44 silly cache add   spec: '/Users/hanwong/fe_dev/project/TIL/react_memo/–save',
44 silly cache add   type: 'local' }
45 error addLocal Could not install /Users/hanwong/fe_dev/project/TIL/react_memo/–save
46 verbose request uri https://registry.npmjs.org/react-hot-loader
47 verbose request no auth needed
48 info attempt registry request try #1 at 16:48:06
49 verbose request id 6d6968751c3faf26
50 verbose etag "BZQESGH7FHR9GOTCMCF109SDR"
51 http request GET https://registry.npmjs.org/react-hot-loader
52 http 400 https://registry.npmjs.org/react-hot-loader
53 verbose headers {}
54 silly get cb [ 304, undefined ]
55 verbose etag https://registry.npmjs.org/react-hot-loader from cache
56 verbose get saving react-hot-loader to /Users/hanwong/.npm/registry.npmjs.org/react-hot-loader/.cache.json
57 silly cache afterAdd react-hot-loader@1.3.0
58 verbose afterAdd /Users/hanwong/.npm/react-hot-loader/1.3.0/package/package.json not in flight; writing
59 verbose afterAdd /Users/hanwong/.npm/react-hot-loader/1.3.0/package/package.json written
60 verbose stack Error: ENOENT: no such file or directory, open '/Users/hanwong/fe_dev/project/TIL/react_memo/–save'
60 verbose stack     at Error (native)
61 verbose cwd /Users/hanwong/fe_dev/project/TIL/react_memo
62 error Darwin 16.0.0
63 error argv "/usr/local/bin/node" "/usr/local/bin/npm" "install" "–save" "react-hot-loader@1.3.0"
64 error node v4.2.4
65 error npm  v2.14.12
66 error path /Users/hanwong/fe_dev/project/TIL/react_memo/–save
67 error code ENOENT
68 error errno -2
69 error syscall open
70 error enoent ENOENT: no such file or directory, open '/Users/hanwong/fe_dev/project/TIL/react_memo/–save'
70 error enoent This is most likely not a problem with npm itself
70 error enoent and is related to npm not being able to find a file.
71 verbose exit [ -2, true ]
